<?xml version="1.0" encoding="UTF-8"?>
<!-- Generated by org.testng.reporters.JUnitReportReporter -->
<testsuite skipped="0" hostname="INNOSZLP00355" name="org.tsn.repo.automationframework.core.BaseSetup" tests="1" failures="0" timestamp="2019-11-18T12:12:24 EST" time="0.009" errors="0">
  <testcase name="printfd" time="0.009" classname="org.tsn.repo.automationframework.core.BaseSetup"/>
</testsuite> <!-- org.tsn.repo.automationframework.core.BaseSetup -->
